C:\USERS\NOBCAUP\DESKTOP\动作捕捉项目\AIRPLEAN MODEL--SERIAL\AIRPLEAN\DEBUG\AIRPLEAN.EXE
C:\USERS\NOBCAUP\DESKTOP\动作捕捉项目\AIRPLEAN MODEL--SERIAL\AIRPLEAN\DEBUG\AIRPLEAN.EXE.EMBED.MANIFEST
C:\USERS\NOBCAUP\DESKTOP\动作捕捉项目\AIRPLEAN MODEL--SERIAL\AIRPLEAN\DEBUG\AIRPLEAN.EXE.EMBED.MANIFEST.RES
C:\USERS\NOBCAUP\DESKTOP\动作捕捉项目\AIRPLEAN MODEL--SERIAL\AIRPLEAN\DEBUG\AIRPLEAN.EXE.INTERMEDIATE.MANIFEST
C:\USERS\NOBCAUP\DESKTOP\动作捕捉项目\AIRPLEAN MODEL--SERIAL\AIRPLEAN\DEBUG\AIRPLEAN.ILK
C:\USERS\NOBCAUP\DESKTOP\动作捕捉项目\AIRPLEAN MODEL--SERIAL\AIRPLEAN\DEBUG\AIRPLEAN.PDB
C:\Users\nobcaup\Desktop\动作捕捉项目\airplean model--serial\AirPlean\Debug\AirPlean_manifest.rc
C:\Users\nobcaup\Desktop\动作捕捉项目\airplean model--serial\AirPlean\Debug\cl.command.1.tlog
C:\Users\nobcaup\Desktop\动作捕捉项目\airplean model--serial\AirPlean\Debug\CL.read.1.tlog
C:\Users\nobcaup\Desktop\动作捕捉项目\airplean model--serial\AirPlean\Debug\CL.write.1.tlog
C:\Users\nobcaup\Desktop\动作捕捉项目\airplean model--serial\AirPlean\Debug\link.5264.read.1.tlog
C:\Users\nobcaup\Desktop\动作捕捉项目\airplean model--serial\AirPlean\Debug\link.5264.write.1.tlog
C:\Users\nobcaup\Desktop\动作捕捉项目\airplean model--serial\AirPlean\Debug\link.5264-cvtres.read.1.tlog
C:\Users\nobcaup\Desktop\动作捕捉项目\airplean model--serial\AirPlean\Debug\link.5264-cvtres.write.1.tlog
C:\Users\nobcaup\Desktop\动作捕捉项目\airplean model--serial\AirPlean\Debug\link.command.1.tlog
C:\Users\nobcaup\Desktop\动作捕捉项目\airplean model--serial\AirPlean\Debug\link.read.1.tlog
C:\Users\nobcaup\Desktop\动作捕捉项目\airplean model--serial\AirPlean\Debug\link.write.1.tlog
C:\Users\nobcaup\Desktop\动作捕捉项目\airplean model--serial\AirPlean\Debug\link-cvtres.read.1.tlog
C:\Users\nobcaup\Desktop\动作捕捉项目\airplean model--serial\AirPlean\Debug\link-cvtres.write.1.tlog
C:\Users\nobcaup\Desktop\动作捕捉项目\airplean model--serial\AirPlean\Debug\mt.command.1.tlog
C:\Users\nobcaup\Desktop\动作捕捉项目\airplean model--serial\AirPlean\Debug\mt.read.1.tlog
C:\Users\nobcaup\Desktop\动作捕捉项目\airplean model--serial\AirPlean\Debug\mt.write.1.tlog
C:\Users\nobcaup\Desktop\动作捕捉项目\airplean model--serial\AirPlean\Debug\rc.command.1.tlog
C:\Users\nobcaup\Desktop\动作捕捉项目\airplean model--serial\AirPlean\Debug\rc.read.1.tlog
C:\Users\nobcaup\Desktop\动作捕捉项目\airplean model--serial\AirPlean\Debug\rc.write.1.tlog
C:\USERS\NOBCAUP\DESKTOP\动作捕捉项目\AIRPLEAN MODEL--SERIAL\AIRPLEAN\DEBUG\STATECONTROLUSEQUA.OBJ
C:\Users\nobcaup\Desktop\动作捕捉项目\airplean model--serial\AirPlean\Debug\vc100.idb
C:\USERS\NOBCAUP\DESKTOP\动作捕捉项目\AIRPLEAN MODEL--SERIAL\AIRPLEAN\DEBUG\VC100.PDB
Debug\AirPlean.ilk
Debug\AirPlean.pdb
