C51 COMPILER V9.00   MC_SENSOR                                                             04/14/2014 23:39:58 PAGE 1   


C51 COMPILER V9.00, COMPILATION OF MODULE MC_SENSOR
OBJECT MODULE PLACED IN mc_sensor.OBJ
COMPILER INVOKED BY: D:\Program Files\Keil C\C51\BIN\C51.EXE mc_sensor.c LARGE BROWSE DEBUG OBJECTEXTEND

line level    source

   1          /* 用于控制传感器操作的函数 */
   2          
   3          #include <stdio.h>
   4          #include <intrins.h>
   5          #include <c8051f340.h>
   6          #include "mc_sensor.h"
   7          
   8          /*********************************************
   9          * name:                 mc_init_sensor
  10          * description:  初始化传感器
  11          * input:                NONE
  12          * return:               NONE
  13          *********************************************/
  14          void mc_init_sensor(void)
  15          {
  16   1              mc_init_ADXL345();              //三轴线加速度传感器
  17   1              mc_init_ITG3205();              //三轴陀螺仪（角速度传感器）
  18   1              mc_init_HMC5883L();             //三轴电子罗盘（磁场传感器）
  19   1      
  20   1              return;
  21   1      }
  22          
  23          /*********************************************
  24          * name:                 mc_init_ADXL345
  25          * description:  初始化三轴线加速度传感器
  26          * input:                NONE
  27          * return:               NONE
  28          *********************************************/
  29          void mc_init_ADXL345(void)
  30          {
  31   1              
  32   1              //single_write_smbus(0xA6, 0x31, 0x0B);   //测量范围,正负16g，13位模式
  33   1              /* 设置采样频率为 1600Hz 即1.6 sample per ms */
  34   1              //single_write_smbus(0xA6, 0x2C, 0x0E);   //速率设定为1600Hz 参考pdf13页  /* Table 7和Table 8设置速率 
             -*/
  35   1              //single_write_smbus(0xA6, 0x2D, 0x08);   //选择电源模式   参考pdf24页
  36   1              //single_write_smbus(0xA6, 0x2E, 0x80);   //使能 DATA_READY 中断
  37   1              //single_write_smbus(0xA6, 0x1E, 0x00);   //X 偏移量 根据测试传感器的状态写入pdf29页
  38   1              //single_write_smbus(0xA6, 0x1F, 0x00);   //Y 偏移量 根据测试传感器的状态写入pdf29页
  39   1              //single_write_smbus(0xA6, 0x20, 0x05);   //Z 偏移量 根据测试传感器的状态写入pdf29页
  40   1              
  41   1              single_write_smbus(0xA6, 0x31, 0x0B);   //测量范围,正负16g，13位模式
  42   1              single_write_smbus(0xA6, 0x2C, 0x08);   //速率设定为12.5 参考pdf13页
  43   1              single_write_smbus(0xA6, 0x2D, 0x08);   //选择电源模式   参考pdf24页
  44   1              single_write_smbus(0xA6, 0x2E, 0x80);   //使能 DATA_READY 中断
  45   1              single_write_smbus(0xA6, 0x1E, 0x00);   //X 偏移量 根据测试传感器的状态写入pdf29页
  46   1              single_write_smbus(0xA6, 0x1F, 0x00);   //Y 偏移量 根据测试传感器的状态写入pdf29页
  47   1              single_write_smbus(0xA6, 0x20, 0x05);   //Z 偏移量 根据测试传感器的状态写入pdf29页
  48   1      
  49   1              return;
  50   1      }
  51          
  52          /*********************************************
  53          * name:                 mc_init_ITG3205
  54          * description:  初始化三轴陀螺仪（角度传感器）
C51 COMPILER V9.00   MC_SENSOR                                                             04/14/2014 23:39:58 PAGE 2   

  55          * input:                NONE
  56          * return:               NONE
  57          *********************************************/
  58          void mc_init_ITG3205(void)
  59          {
  60   1              single_write_smbus(0xD0, 0x3E, 0x80);   // 0x80
  61   1          /* 设置采样频率为 F = 1kHz / (0 + 1) = 1000Hz, or 1ms per sample 低通滤波带宽为 5Hz*/
  62   1              //single_write_smbus(0xD0, 0x15, 0x07); //SMPLRT_DIV（0-255） 
  63   1              single_write_smbus(0xD0, 0x15, 0x00);   //SMPLRT_DIV（0-255） 
  64   1              single_write_smbus(0xD0, 0x16, 0x1E);   //DLPF_FS
  65   1              single_write_smbus(0xD0, 0x17, 0x00);   //G_INIT_CFG
  66   1              single_write_smbus(0xD0, 0x3E, 0x00);   //
  67   1      
  68   1              return;
  69   1      }
  70          
  71          /*********************************************
  72          * name:                 mc_init_HMC5883L
  73          * description:  初始化三轴电子罗盘（磁场传感器）
  74          * input:                NONE
  75          * return:               NONE
  76          *********************************************/
  77          void mc_init_HMC5883L(void)
  78          {
  79   1          /*设置为连续输出模式，如果有必要，数据可以从数据输出寄存器重新读取 输出频率为 30Hz*/
  80   1              single_write_smbus(0x3C, 0x00, 0x14);   //
  81   1              single_write_smbus(0x3C, 0x02, 0x00);   //
  82   1      
  83   1              return;
  84   1      }


MODULE INFORMATION:   STATIC OVERLAYABLE
   CODE SIZE        =    139    ----
   CONSTANT SIZE    =   ----    ----
   XDATA SIZE       =   ----    ----
   PDATA SIZE       =   ----    ----
   DATA SIZE        =   ----    ----
   IDATA SIZE       =   ----    ----
   BIT SIZE         =   ----    ----
END OF MODULE INFORMATION.


C51 COMPILATION COMPLETE.  0 WARNING(S),  0 ERROR(S)
